This file contains any messages produced by compilers while
running configure, to aid debugging if configure makes a mistake.

It was created by gsoap configure 2.8, which was
generated by GNU Autoconf 2.71.  Invocation command line was

  $ ./configure --with-openssl=/home/ubuntu/Desktop/onvif/onvifClient_gSOAP/3rd_party/openssl --prefix=/home/ubuntu/Desktop/onvif/gsoap-2.8build

## --------- ##
## Platform. ##
## --------- ##

hostname = ubuntu-machine
uname -m = x86_64
uname -r = 5.15.0-46-generic
uname -s = Linux
uname -v = #49~20.04.1-Ubuntu SMP Thu Aug 4 19:15:44 UTC 2022

/usr/bin/uname -p = x86_64
/bin/uname -X     = unknown

/bin/arch              = x86_64
/usr/bin/arch -k       = unknown
/usr/convex/getsysinfo = unknown
/usr/bin/hostinfo      = unknown
/bin/machine           = unknown
/usr/bin/oslevel       = unknown
/bin/universe          = unknown

PATH: /usr/local/sbin/
PATH: /usr/local/bin/
PATH: /usr/sbin/
PATH: /usr/bin/
PATH: /sbin/
PATH: /bin/
PATH: /usr/games/
PATH: /usr/local/games/
PATH: /snap/bin/
PATH: /usr/local/ffmpeg4.2.4/bin/
PATH: /usr/local/curl/bin/
PATH: /usr/local/Tengine/bin/


## ----------- ##
## Core tests. ##
## ----------- ##

configure:2826: looking for aux files: compile config.guess config.sub missing install-sh
configure:2839:  trying ./
configure:2868:   ./compile found
configure:2868:   ./config.guess found
configure:2868:   ./config.sub found
configure:2868:   ./missing found
configure:2850:   ./install-sh found
configure:2997: checking for a BSD-compatible install
configure:3070: result: /usr/bin/install -c
configure:3081: checking whether build environment is sane
configure:3136: result: yes
configure:3293: checking for a race-free mkdir -p
configure:3337: result: /usr/bin/mkdir -p
configure:3344: checking for gawk
configure:3365: found /usr/bin/gawk
configure:3376: result: gawk
configure:3387: checking whether make sets $(MAKE)
configure:3410: result: yes
configure:3440: checking whether make supports nested variables
configure:3458: result: yes
configure:3601: checking build system type
configure:3616: result: x86_64-unknown-linux-gnu
configure:3636: checking host system type
configure:3650: result: x86_64-unknown-linux-gnu
configure:3675: checking whether make sets $(MAKE)
configure:3698: result: yes
configure:3777: checking for g++
configure:3798: found /usr/bin/g++
configure:3809: result: g++
configure:3836: checking for C++ compiler version
configure:3845: g++ --version >&5
g++ (Ubuntu 9.4.0-1ubuntu1~20.04.1) 9.4.0
Copyright (C) 2019 Free Software Foundation, Inc.
This is free software; see the source for copying conditions.  There is NO
warranty; not even for MERCHANTABILITY or FITNESS FOR A PARTICULAR PURPOSE.

configure:3856: $? = 0
configure:3845: g++ -v >&5
Using built-in specs.
COLLECT_GCC=g++
COLLECT_LTO_WRAPPER=/usr/lib/gcc/x86_64-linux-gnu/9/lto-wrapper
OFFLOAD_TARGET_NAMES=nvptx-none:hsa
OFFLOAD_TARGET_DEFAULT=1
Target: x86_64-linux-gnu
Configured with: ../src/configure -v --with-pkgversion='Ubuntu 9.4.0-1ubuntu1~20.04.1' --with-bugurl=file:///usr/share/doc/gcc-9/README.Bugs --enable-languages=c,ada,c++,go,brig,d,fortran,objc,obj-c++,gm2 --prefix=/usr --with-gcc-major-version-only --program-suffix=-9 --program-prefix=x86_64-linux-gnu- --enable-shared --enable-linker-build-id --libexecdir=/usr/lib --without-included-gettext --enable-threads=posix --libdir=/usr/lib --enable-nls --enable-clocale=gnu --enable-libstdcxx-debug --enable-libstdcxx-time=yes --with-default-libstdcxx-abi=new --enable-gnu-unique-object --disable-vtable-verify --enable-plugin --enable-default-pie --with-system-zlib --with-target-system-zlib=auto --enable-objc-gc=auto --enable-multiarch --disable-werror --with-arch-32=i686 --with-abi=m64 --with-multilib-list=m32,m64,mx32 --enable-multilib --with-tune=generic --enable-offload-targets=nvptx-none=/build/gcc-9-Av3uEd/gcc-9-9.4.0/debian/tmp-nvptx/usr,hsa --without-cuda-driver --enable-checking=release --build=x86_64-linux-gnu --host=x86_64-linux-gnu --target=x86_64-linux-gnu
Thread model: posix
gcc version 9.4.0 (Ubuntu 9.4.0-1ubuntu1~20.04.1) 
configure:3856: $? = 0
configure:3845: g++ -V >&5
g++: error: unrecognized command line option '-V'
g++: fatal error: no input files
compilation terminated.
configure:3856: $? = 1
configure:3845: g++ -qversion >&5
g++: error: unrecognized command line option '-qversion'; did you mean '--version'?
g++: fatal error: no input files
compilation terminated.
configure:3856: $? = 1
configure:3876: checking whether the C++ compiler works
configure:3898: g++    conftest.cpp  >&5
configure:3902: $? = 0
configure:3952: result: yes
configure:3955: checking for C++ compiler default output file name
configure:3957: result: a.out
configure:3963: checking for suffix of executables
configure:3970: g++ -o conftest    conftest.cpp  >&5
configure:3974: $? = 0
configure:3997: result: 
configure:4019: checking whether we are cross compiling
configure:4027: g++ -o conftest    conftest.cpp  >&5
configure:4031: $? = 0
configure:4038: ./conftest
configure:4042: $? = 0
configure:4030: result: no
configure:4035: checking for suffix of object files
configure:4058: g++ -c   conftest.cpp >&5
configure:4062: $? = 0
configure:4084: result: o
configure:4088: checking whether the compiler supports GNU C++
configure:4108: g++ -c   conftest.cpp >&5
configure:4108: $? = 0
configure:4118: result: yes
configure:4129: checking whether g++ accepts -g
configure:4150: g++ -c -g  conftest.cpp >&5
configure:4150: $? = 0
configure:4194: result: yes
configure:4214: checking for g++ option to enable C++11 features
configure:4229: g++  -c -g -O2  conftest.cpp >&5
configure:4229: $? = 0
configure:4247: result: none needed
configure:4314: checking whether make supports the include directive
configure:4329: make -f confmf.GNU && cat confinc.out
this is the am__doit target
configure:4332: $? = 0
configure:4351: result: yes (GNU style)
configure:4377: checking dependency style of g++
configure:4489: result: gcc3
configure:4566: checking for gcc
configure:4587: found /usr/bin/gcc
configure:4598: result: gcc
configure:4951: checking for C compiler version
configure:4960: gcc --version >&5
gcc (Ubuntu 9.4.0-1ubuntu1~20.04.1) 9.4.0
Copyright (C) 2019 Free Software Foundation, Inc.
This is free software; see the source for copying conditions.  There is NO
warranty; not even for MERCHANTABILITY or FITNESS FOR A PARTICULAR PURPOSE.

configure:4971: $? = 0
configure:4960: gcc -v >&5
Using built-in specs.
COLLECT_GCC=gcc
COLLECT_LTO_WRAPPER=/usr/lib/gcc/x86_64-linux-gnu/9/lto-wrapper
OFFLOAD_TARGET_NAMES=nvptx-none:hsa
OFFLOAD_TARGET_DEFAULT=1
Target: x86_64-linux-gnu
Configured with: ../src/configure -v --with-pkgversion='Ubuntu 9.4.0-1ubuntu1~20.04.1' --with-bugurl=file:///usr/share/doc/gcc-9/README.Bugs --enable-languages=c,ada,c++,go,brig,d,fortran,objc,obj-c++,gm2 --prefix=/usr --with-gcc-major-version-only --program-suffix=-9 --program-prefix=x86_64-linux-gnu- --enable-shared --enable-linker-build-id --libexecdir=/usr/lib --without-included-gettext --enable-threads=posix --libdir=/usr/lib --enable-nls --enable-clocale=gnu --enable-libstdcxx-debug --enable-libstdcxx-time=yes --with-default-libstdcxx-abi=new --enable-gnu-unique-object --disable-vtable-verify --enable-plugin --enable-default-pie --with-system-zlib --with-target-system-zlib=auto --enable-objc-gc=auto --enable-multiarch --disable-werror --with-arch-32=i686 --with-abi=m64 --with-multilib-list=m32,m64,mx32 --enable-multilib --with-tune=generic --enable-offload-targets=nvptx-none=/build/gcc-9-Av3uEd/gcc-9-9.4.0/debian/tmp-nvptx/usr,hsa --without-cuda-driver --enable-checking=release --build=x86_64-linux-gnu --host=x86_64-linux-gnu --target=x86_64-linux-gnu
Thread model: posix
gcc version 9.4.0 (Ubuntu 9.4.0-1ubuntu1~20.04.1) 
configure:4971: $? = 0
configure:4960: gcc -V >&5
gcc: error: unrecognized command line option '-V'
gcc: fatal error: no input files
compilation terminated.
configure:4971: $? = 1
configure:4960: gcc -qversion >&5
gcc: error: unrecognized command line option '-qversion'; did you mean '--version'?
gcc: fatal error: no input files
compilation terminated.
configure:4971: $? = 1
configure:4960: gcc -version >&5
gcc: error: unrecognized command line option '-version'
gcc: fatal error: no input files
compilation terminated.
configure:4971: $? = 1
configure:4975: checking whether the compiler supports GNU C
configure:4995: gcc -c   conftest.c >&5
configure:4995: $? = 0
configure:5005: result: yes
configure:5016: checking whether gcc accepts -g
configure:5037: gcc -c -g  conftest.c >&5
configure:5037: $? = 0
configure:5081: result: yes
configure:5101: checking for gcc option to enable C11 features
configure:5116: gcc  -c -g -O2  conftest.c >&5
configure:5116: $? = 0
configure:5134: result: none needed
configure:5250: checking whether gcc understands -c and -o together
configure:5273: gcc -c conftest.c -o conftest2.o
configure:5276: $? = 0
configure:5273: gcc -c conftest.c -o conftest2.o
configure:5276: $? = 0
configure:5288: result: yes
configure:5307: checking dependency style of gcc
configure:5419: result: gcc3
configure:5440: checking for flex
configure:5461: found /usr/bin/flex
configure:5472: result: flex
configure:5521: checking for lex output file root
configure:5534: flex conftest.l
configure:5538: $? = 0
configure:5546: result: lex.yy
configure:5561: checking for lex library
configure:5586: gcc -o conftest -g -O2   conftest.c  >&5
configure:5586: $? = 0
configure:5599: result: none needed
configure:5614: checking for library containing yywrap
configure:5644: gcc -o conftest -g -O2   conftest.c  >&5
/usr/bin/ld: /tmp/ccy0i4Iv.o: in function `main':
/home/ubuntu/Desktop/onvif/gsoap-2.8/conftest.c:19: undefined reference to `yywrap'
collect2: error: ld returned 1 exit status
configure:5644: $? = 1
configure: failed program was:
| /* confdefs.h */
| #define PACKAGE_NAME "gsoap"
| #define PACKAGE_TARNAME "gsoap"
| #define PACKAGE_VERSION "2.8"
| #define PACKAGE_STRING "gsoap 2.8"
| #define PACKAGE_BUGREPORT ""
| #define PACKAGE_URL ""
| #define PACKAGE "gsoap"
| #define VERSION "2.8"
| /* end confdefs.h.  */
| 
| /* Override any GCC internal prototype to avoid an error.
|    Use char because int might match the return type of a GCC
|    builtin and then its argument prototype would still apply.  */
| char yywrap ();
| int
| main (void)
| {
| return yywrap ();
|   ;
|   return 0;
| }
configure:5644: gcc -o conftest -g -O2   conftest.c -lfl   >&5
/usr/bin/ld: /usr/lib/gcc/x86_64-linux-gnu/9/../../../x86_64-linux-gnu/libfl.so: undefined reference to `yylex'
collect2: error: ld returned 1 exit status
configure:5644: $? = 1
configure: failed program was:
| /* confdefs.h */
| #define PACKAGE_NAME "gsoap"
| #define PACKAGE_TARNAME "gsoap"
| #define PACKAGE_VERSION "2.8"
| #define PACKAGE_STRING "gsoap 2.8"
| #define PACKAGE_BUGREPORT ""
| #define PACKAGE_URL ""
| #define PACKAGE "gsoap"
| #define VERSION "2.8"
| /* end confdefs.h.  */
| 
| /* Override any GCC internal prototype to avoid an error.
|    Use char because int might match the return type of a GCC
|    builtin and then its argument prototype would still apply.  */
| char yywrap ();
| int
| main (void)
| {
| return yywrap ();
|   ;
|   return 0;
| }
configure:5644: gcc -o conftest -g -O2   conftest.c -ll   >&5
configure:5644: $? = 0
configure:5664: result: -ll
configure:5680: checking whether yytext is a pointer
configure:5696: gcc -c -g -O2  conftest.c >&5
configure:5696: $? = 0
configure:5703: result: yes
configure:5544: checking for bison
configure:5565: found /usr/bin/bison
configure:5576: result: bison -y
configure:5593: checking how to run the C preprocessor
configure:5619: gcc -E  conftest.c
configure:5619: $? = 0
configure:5634: gcc -E  conftest.c
conftest.c:12:10: fatal error: ac_nonexistent.h: No such file or directory
   12 | #include <ac_nonexistent.h>
      |          ^~~~~~~~~~~~~~~~~~
compilation terminated.
configure:5634: $? = 1
configure: failed program was:
| /* confdefs.h */
| #define PACKAGE_NAME "gsoap"
| #define PACKAGE_TARNAME "gsoap"
| #define PACKAGE_VERSION "2.8"
| #define PACKAGE_STRING "gsoap 2.8"
| #define PACKAGE_BUGREPORT ""
| #define PACKAGE_URL ""
| #define PACKAGE "gsoap"
| #define VERSION "2.8"
| #define YYTEXT_POINTER 1
| /* end confdefs.h.  */
| #include <ac_nonexistent.h>
configure:5661: result: gcc -E
configure:5675: gcc -E  conftest.c
configure:5675: $? = 0
configure:5690: gcc -E  conftest.c
conftest.c:12:10: fatal error: ac_nonexistent.h: No such file or directory
   12 | #include <ac_nonexistent.h>
      |          ^~~~~~~~~~~~~~~~~~
compilation terminated.
configure:5690: $? = 1
configure: failed program was:
| /* confdefs.h */
| #define PACKAGE_NAME "gsoap"
| #define PACKAGE_TARNAME "gsoap"
| #define PACKAGE_VERSION "2.8"
| #define PACKAGE_STRING "gsoap 2.8"
| #define PACKAGE_BUGREPORT ""
| #define PACKAGE_URL ""
| #define PACKAGE "gsoap"
| #define VERSION "2.8"
| #define YYTEXT_POINTER 1
| /* end confdefs.h.  */
| #include <ac_nonexistent.h>
configure:5768: checking for ranlib
configure:5789: found /usr/bin/ranlib
configure:5800: result: ranlib
configure:5823: checking whether ln -s works
configure:5827: result: yes
configure:5838: checking for gawk
configure:5870: result: gawk
configure:5931: checking for ar
configure:5952: found /usr/bin/ar
configure:5963: result: ar
configure:6063: checking for stdio.h
configure:6063: gcc -c -g -O2  conftest.c >&5
configure:6063: $? = 0
configure:6063: result: yes
configure:6063: checking for stdlib.h
configure:6063: gcc -c -g -O2  conftest.c >&5
configure:6063: $? = 0
configure:6063: result: yes
configure:6063: checking for string.h
configure:6063: gcc -c -g -O2  conftest.c >&5
configure:6063: $? = 0
configure:6063: result: yes
configure:6063: checking for inttypes.h
configure:6063: gcc -c -g -O2  conftest.c >&5
configure:6063: $? = 0
configure:6063: result: yes
configure:6063: checking for stdint.h
configure:6063: gcc -c -g -O2  conftest.c >&5
configure:6063: $? = 0
configure:6063: result: yes
configure:6063: checking for strings.h
configure:6063: gcc -c -g -O2  conftest.c >&5
configure:6063: $? = 0
configure:6063: result: yes
configure:6063: checking for sys/stat.h
configure:6063: gcc -c -g -O2  conftest.c >&5
configure:6063: $? = 0
configure:6063: result: yes
configure:6063: checking for sys/types.h
configure:6063: gcc -c -g -O2  conftest.c >&5
configure:6063: $? = 0
configure:6063: result: yes
configure:6063: checking for unistd.h
configure:6063: gcc -c -g -O2  conftest.c >&5
configure:6063: $? = 0
configure:6063: result: yes
configure:6063: checking for sys/time.h
configure:6063: gcc -c -g -O2  conftest.c >&5
configure:6063: $? = 0
configure:6063: result: yes
configure:6088: checking for arpa/inet.h
configure:6088: gcc -c -g -O2  conftest.c >&5
configure:6088: $? = 0
configure:6088: result: yes
configure:6094: checking for locale.h
configure:6094: gcc -c -g -O2  conftest.c >&5
configure:6094: $? = 0
configure:6094: result: yes
configure:6100: checking for xlocale.h
configure:6100: gcc -c -g -O2  conftest.c >&5
conftest.c:53:10: fatal error: xlocale.h: No such file or directory
   53 | #include <xlocale.h>
      |          ^~~~~~~~~~~
compilation terminated.
configure:6100: $? = 1
configure: failed program was:
| /* confdefs.h */
| #define PACKAGE_NAME "gsoap"
| #define PACKAGE_TARNAME "gsoap"
| #define PACKAGE_VERSION "2.8"
| #define PACKAGE_STRING "gsoap 2.8"
| #define PACKAGE_BUGREPORT ""
| #define PACKAGE_URL ""
| #define PACKAGE "gsoap"
| #define VERSION "2.8"
| #define YYTEXT_POINTER 1
| #define HAVE_STDIO_H 1
| #define HAVE_STDLIB_H 1
| #define HAVE_STRING_H 1
| #define HAVE_INTTYPES_H 1
| #define HAVE_STDINT_H 1
| #define HAVE_STRINGS_H 1
| #define HAVE_SYS_STAT_H 1
| #define HAVE_SYS_TYPES_H 1
| #define HAVE_UNISTD_H 1
| #define HAVE_SYS_TIME_H 1
| #define STDC_HEADERS 1
| #define HAVE_ARPA_INET_H 1
| #define HAVE_LOCALE_H 1
| /* end confdefs.h.  */
| #include <stddef.h>
| #ifdef HAVE_STDIO_H
| # include <stdio.h>
| #endif
| #ifdef HAVE_STDLIB_H
| # include <stdlib.h>
| #endif
| #ifdef HAVE_STRING_H
| # include <string.h>
| #endif
| #ifdef HAVE_INTTYPES_H
| # include <inttypes.h>
| #endif
| #ifdef HAVE_STDINT_H
| # include <stdint.h>
| #endif
| #ifdef HAVE_STRINGS_H
| # include <strings.h>
| #endif
| #ifdef HAVE_SYS_TYPES_H
| # include <sys/types.h>
| #endif
| #ifdef HAVE_SYS_STAT_H
| # include <sys/stat.h>
| #endif
| #ifdef HAVE_UNISTD_H
| # include <unistd.h>
| #endif
| #include <xlocale.h>
configure:6100: result: no
configure:6106: checking for errno.h
configure:6106: gcc -c -g -O2  conftest.c >&5
configure:6106: $? = 0
configure:6106: result: yes
configure:6112: checking for fcntl.h
configure:6112: gcc -c -g -O2  conftest.c >&5
configure:6112: $? = 0
configure:6112: result: yes
configure:6118: checking for ctype.h
configure:6118: gcc -c -g -O2  conftest.c >&5
configure:6118: $? = 0
configure:6118: result: yes
configure:6124: checking for limits.h
configure:6124: gcc -c -g -O2  conftest.c >&5
configure:6124: $? = 0
configure:6124: result: yes
configure:6130: checking for float.h
configure:6130: gcc -c -g -O2  conftest.c >&5
configure:6130: $? = 0
configure:6130: result: yes
configure:6136: checking for math.h
configure:6136: gcc -c -g -O2  conftest.c >&5
configure:6136: $? = 0
configure:6136: result: yes
configure:6142: checking for netdb.h
configure:6142: gcc -c -g -O2  conftest.c >&5
configure:6142: $? = 0
configure:6142: result: yes
configure:6148: checking for netinet/in.h
configure:6148: gcc -c -g -O2  conftest.c >&5
configure:6148: $? = 0
configure:6148: result: yes
configure:6154: checking for stdlib.h
configure:6154: result: yes
configure:6160: checking for string.h
configure:6160: result: yes
configure:6166: checking for strings.h
configure:6166: result: yes
configure:6172: checking for stdint.h
configure:6172: result: yes
configure:6178: checking for inttypes.h
configure:6178: result: yes
configure:6184: checking for time.h
configure:6184: gcc -c -g -O2  conftest.c >&5
configure:6184: $? = 0
configure:6184: result: yes
configure:6190: checking for sys/inttypes.h
configure:6190: gcc -c -g -O2  conftest.c >&5
conftest.c:67:10: fatal error: sys/inttypes.h: No such file or directory
   67 | #include <sys/inttypes.h>
      |          ^~~~~~~~~~~~~~~~
compilation terminated.
configure:6190: $? = 1
configure: failed program was:
| /* confdefs.h */
| #define PACKAGE_NAME "gsoap"
| #define PACKAGE_TARNAME "gsoap"
| #define PACKAGE_VERSION "2.8"
| #define PACKAGE_STRING "gsoap 2.8"
| #define PACKAGE_BUGREPORT ""
| #define PACKAGE_URL ""
| #define PACKAGE "gsoap"
| #define VERSION "2.8"
| #define YYTEXT_POINTER 1
| #define HAVE_STDIO_H 1
| #define HAVE_STDLIB_H 1
| #define HAVE_STRING_H 1
| #define HAVE_INTTYPES_H 1
| #define HAVE_STDINT_H 1
| #define HAVE_STRINGS_H 1
| #define HAVE_SYS_STAT_H 1
| #define HAVE_SYS_TYPES_H 1
| #define HAVE_UNISTD_H 1
| #define HAVE_SYS_TIME_H 1
| #define STDC_HEADERS 1
| #define HAVE_ARPA_INET_H 1
| #define HAVE_LOCALE_H 1
| #define HAVE_ERRNO_H 1
| #define HAVE_FCNTL_H 1
| #define HAVE_CTYPE_H 1
| #define HAVE_LIMITS_H 1
| #define HAVE_FLOAT_H 1
| #define HAVE_MATH_H 1
| #define HAVE_NETDB_H 1
| #define HAVE_NETINET_IN_H 1
| #define HAVE_STDLIB_H 1
| #define HAVE_STRING_H 1
| #define HAVE_STRINGS_H 1
| #define HAVE_STDINT_H 1
| #define HAVE_INTTYPES_H 1
| #define HAVE_TIME_H 1
| /* end confdefs.h.  */
| #include <stddef.h>
| #ifdef HAVE_STDIO_H
| # include <stdio.h>
| #endif
| #ifdef HAVE_STDLIB_H
| # include <stdlib.h>
| #endif
| #ifdef HAVE_STRING_H
| # include <string.h>
| #endif
| #ifdef HAVE_INTTYPES_H
| # include <inttypes.h>
| #endif
| #ifdef HAVE_STDINT_H
| # include <stdint.h>
| #endif
| #ifdef HAVE_STRINGS_H
| # include <strings.h>
| #endif
| #ifdef HAVE_SYS_TYPES_H
| # include <sys/types.h>
| #endif
| #ifdef HAVE_SYS_STAT_H
| # include <sys/stat.h>
| #endif
| #ifdef HAVE_UNISTD_H
| # include <unistd.h>
| #endif
| #include <sys/inttypes.h>
configure:6190: result: no
configure:6196: checking for sys/socket.h
configure:6196: gcc -c -g -O2  conftest.c >&5
configure:6196: $? = 0
configure:6196: result: yes
configure:6202: checking for sys/types.h
configure:6202: result: yes
configure:6208: checking for sys/time.h
configure:6208: result: yes
configure:6214: checking for sys/timeb.h
configure:6214: gcc -c -g -O2  conftest.c >&5
configure:6214: $? = 0
configure:6214: result: yes
configure:6220: checking for unistd.h
configure:6220: result: yes
configure:6226: checking for poll.h
configure:6226: gcc -c -g -O2  conftest.c >&5
configure:6226: $? = 0
configure:6226: result: yes
configure:6232: checking for openssl/ssl.h
configure:6232: gcc -c -g -O2  conftest.c >&5
configure:6232: $? = 0
configure:6232: result: yes
configure:6238: checking for gnutls/gnutls.h
configure:6238: gcc -c -g -O2  conftest.c >&5
conftest.c:74:10: fatal error: gnutls/gnutls.h: No such file or directory
   74 | #include <gnutls/gnutls.h>
      |          ^~~~~~~~~~~~~~~~~
compilation terminated.
configure:6238: $? = 1
configure: failed program was:
| /* confdefs.h */
| #define PACKAGE_NAME "gsoap"
| #define PACKAGE_TARNAME "gsoap"
| #define PACKAGE_VERSION "2.8"
| #define PACKAGE_STRING "gsoap 2.8"
| #define PACKAGE_BUGREPORT ""
| #define PACKAGE_URL ""
| #define PACKAGE "gsoap"
| #define VERSION "2.8"
| #define YYTEXT_POINTER 1
| #define HAVE_STDIO_H 1
| #define HAVE_STDLIB_H 1
| #define HAVE_STRING_H 1
| #define HAVE_INTTYPES_H 1
| #define HAVE_STDINT_H 1
| #define HAVE_STRINGS_H 1
| #define HAVE_SYS_STAT_H 1
| #define HAVE_SYS_TYPES_H 1
| #define HAVE_UNISTD_H 1
| #define HAVE_SYS_TIME_H 1
| #define STDC_HEADERS 1
| #define HAVE_ARPA_INET_H 1
| #define HAVE_LOCALE_H 1
| #define HAVE_ERRNO_H 1
| #define HAVE_FCNTL_H 1
| #define HAVE_CTYPE_H 1
| #define HAVE_LIMITS_H 1
| #define HAVE_FLOAT_H 1
| #define HAVE_MATH_H 1
| #define HAVE_NETDB_H 1
| #define HAVE_NETINET_IN_H 1
| #define HAVE_STDLIB_H 1
| #define HAVE_STRING_H 1
| #define HAVE_STRINGS_H 1
| #define HAVE_STDINT_H 1
| #define HAVE_INTTYPES_H 1
| #define HAVE_TIME_H 1
| #define HAVE_SYS_SOCKET_H 1
| #define HAVE_SYS_TYPES_H 1
| #define HAVE_SYS_TIME_H 1
| #define HAVE_SYS_TIMEB_H 1
| #define HAVE_UNISTD_H 1
| #define HAVE_POLL_H 1
| #define HAVE_OPENSSL_SSL_H 1
| /* end confdefs.h.  */
| #include <stddef.h>
| #ifdef HAVE_STDIO_H
| # include <stdio.h>
| #endif
| #ifdef HAVE_STDLIB_H
| # include <stdlib.h>
| #endif
| #ifdef HAVE_STRING_H
| # include <string.h>
| #endif
| #ifdef HAVE_INTTYPES_H
| # include <inttypes.h>
| #endif
| #ifdef HAVE_STDINT_H
| # include <stdint.h>
| #endif
| #ifdef HAVE_STRINGS_H
| # include <strings.h>
| #endif
| #ifdef HAVE_SYS_TYPES_H
| # include <sys/types.h>
| #endif
| #ifdef HAVE_SYS_STAT_H
| # include <sys/stat.h>
| #endif
| #ifdef HAVE_UNISTD_H
| # include <unistd.h>
| #endif
| #include <gnutls/gnutls.h>
configure:6238: result: no
configure:6244: checking for zlib.h
configure:6244: gcc -c -g -O2  conftest.c >&5
configure:6244: $? = 0
configure:6244: result: yes
configure:6253: checking for socklen_t
configure:6253: gcc -c -g -O2  conftest.c >&5
configure:6253: $? = 0
configure:6253: gcc -c -g -O2  conftest.c >&5
conftest.c: In function 'main':
conftest.c:56:24: error: expected expression before ')' token
   56 | if (sizeof ((socklen_t)))
      |                        ^
configure:6253: $? = 1
configure: failed program was:
| /* confdefs.h */
| #define PACKAGE_NAME "gsoap"
| #define PACKAGE_TARNAME "gsoap"
| #define PACKAGE_VERSION "2.8"
| #define PACKAGE_STRING "gsoap 2.8"
| #define PACKAGE_BUGREPORT ""
| #define PACKAGE_URL ""
| #define PACKAGE "gsoap"
| #define VERSION "2.8"
| #define YYTEXT_POINTER 1
| #define HAVE_STDIO_H 1
| #define HAVE_STDLIB_H 1
| #define HAVE_STRING_H 1
| #define HAVE_INTTYPES_H 1
| #define HAVE_STDINT_H 1
| #define HAVE_STRINGS_H 1
| #define HAVE_SYS_STAT_H 1
| #define HAVE_SYS_TYPES_H 1
| #define HAVE_UNISTD_H 1
| #define HAVE_SYS_TIME_H 1
| #define STDC_HEADERS 1
| #define HAVE_ARPA_INET_H 1
| #define HAVE_LOCALE_H 1
| #define HAVE_ERRNO_H 1
| #define HAVE_FCNTL_H 1
| #define HAVE_CTYPE_H 1
| #define HAVE_LIMITS_H 1
| #define HAVE_FLOAT_H 1
| #define HAVE_MATH_H 1
| #define HAVE_NETDB_H 1
| #define HAVE_NETINET_IN_H 1
| #define HAVE_STDLIB_H 1
| #define HAVE_STRING_H 1
| #define HAVE_STRINGS_H 1
| #define HAVE_STDINT_H 1
| #define HAVE_INTTYPES_H 1
| #define HAVE_TIME_H 1
| #define HAVE_SYS_SOCKET_H 1
| #define HAVE_SYS_TYPES_H 1
| #define HAVE_SYS_TIME_H 1
| #define HAVE_SYS_TIMEB_H 1
| #define HAVE_UNISTD_H 1
| #define HAVE_POLL_H 1
| #define HAVE_OPENSSL_SSL_H 1
| #define HAVE_ZLIB_H 1
| /* end confdefs.h.  */
| 
| #if HAVE_SYS_SOCKET_H
| # include <sys/socket.h>
| #endif
| 
| 
| int
| main (void)
| {
| if (sizeof ((socklen_t)))
| 	    return 0;
|   ;
|   return 0;
| }
configure:6253: result: yes
configure:6269: checking for an ANSI C-conforming const
configure:6336: gcc -c -g -O2  conftest.c >&5
configure:6336: $? = 0
configure:6344: result: yes
configure:6352: checking for size_t
configure:6352: gcc -c -g -O2  conftest.c >&5
configure:6352: $? = 0
configure:6352: gcc -c -g -O2  conftest.c >&5
conftest.c: In function 'main':
conftest.c:79:21: error: expected expression before ')' token
   79 | if (sizeof ((size_t)))
      |                     ^
configure:6352: $? = 1
configure: failed program was:
| /* confdefs.h */
| #define PACKAGE_NAME "gsoap"
| #define PACKAGE_TARNAME "gsoap"
| #define PACKAGE_VERSION "2.8"
| #define PACKAGE_STRING "gsoap 2.8"
| #define PACKAGE_BUGREPORT ""
| #define PACKAGE_URL ""
| #define PACKAGE "gsoap"
| #define VERSION "2.8"
| #define YYTEXT_POINTER 1
| #define HAVE_STDIO_H 1
| #define HAVE_STDLIB_H 1
| #define HAVE_STRING_H 1
| #define HAVE_INTTYPES_H 1
| #define HAVE_STDINT_H 1
| #define HAVE_STRINGS_H 1
| #define HAVE_SYS_STAT_H 1
| #define HAVE_SYS_TYPES_H 1
| #define HAVE_UNISTD_H 1
| #define HAVE_SYS_TIME_H 1
| #define STDC_HEADERS 1
| #define HAVE_ARPA_INET_H 1
| #define HAVE_LOCALE_H 1
| #define HAVE_ERRNO_H 1
| #define HAVE_FCNTL_H 1
| #define HAVE_CTYPE_H 1
| #define HAVE_LIMITS_H 1
| #define HAVE_FLOAT_H 1
| #define HAVE_MATH_H 1
| #define HAVE_NETDB_H 1
| #define HAVE_NETINET_IN_H 1
| #define HAVE_STDLIB_H 1
| #define HAVE_STRING_H 1
| #define HAVE_STRINGS_H 1
| #define HAVE_STDINT_H 1
| #define HAVE_INTTYPES_H 1
| #define HAVE_TIME_H 1
| #define HAVE_SYS_SOCKET_H 1
| #define HAVE_SYS_TYPES_H 1
| #define HAVE_SYS_TIME_H 1
| #define HAVE_SYS_TIMEB_H 1
| #define HAVE_UNISTD_H 1
| #define HAVE_POLL_H 1
| #define HAVE_OPENSSL_SSL_H 1
| #define HAVE_ZLIB_H 1
| #define HAVE_SOCKLEN_T 1
| /* end confdefs.h.  */
| #include <stddef.h>
| #ifdef HAVE_STDIO_H
| # include <stdio.h>
| #endif
| #ifdef HAVE_STDLIB_H
| # include <stdlib.h>
| #endif
| #ifdef HAVE_STRING_H
| # include <string.h>
| #endif
| #ifdef HAVE_INTTYPES_H
| # include <inttypes.h>
| #endif
| #ifdef HAVE_STDINT_H
| # include <stdint.h>
| #endif
| #ifdef HAVE_STRINGS_H
| # include <strings.h>
| #endif
| #ifdef HAVE_SYS_TYPES_H
| # include <sys/types.h>
| #endif
| #ifdef HAVE_SYS_STAT_H
| # include <sys/stat.h>
| #endif
| #ifdef HAVE_UNISTD_H
| # include <unistd.h>
| #endif
| int
| main (void)
| {
| if (sizeof ((size_t)))
| 	    return 0;
|   ;
|   return 0;
| }
configure:6352: result: yes
configure:6362: checking whether struct tm is in sys/time.h or time.h
configure:6383: gcc -c -g -O2  conftest.c >&5
configure:6383: $? = 0
configure:6391: result: time.h
configure:6399: checking for struct tm.tm_gmtoff
configure:6399: gcc -c -g -O2  conftest.c >&5
configure:6399: $? = 0
configure:6399: result: yes
configure:6411: checking for struct tm.__tm_gmtoff
configure:6411: gcc -c -g -O2  conftest.c >&5
conftest.c: In function 'main':
conftest.c:58:13: error: 'struct tm' has no member named '__tm_gmtoff'; did you mean 'tm_gmtoff'?
   58 | if (ac_aggr.__tm_gmtoff)
      |             ^~~~~~~~~~~
      |             tm_gmtoff
configure:6411: $? = 1
configure: failed program was:
| /* confdefs.h */
| #define PACKAGE_NAME "gsoap"
| #define PACKAGE_TARNAME "gsoap"
| #define PACKAGE_VERSION "2.8"
| #define PACKAGE_STRING "gsoap 2.8"
| #define PACKAGE_BUGREPORT ""
| #define PACKAGE_URL ""
| #define PACKAGE "gsoap"
| #define VERSION "2.8"
| #define YYTEXT_POINTER 1
| #define HAVE_STDIO_H 1
| #define HAVE_STDLIB_H 1
| #define HAVE_STRING_H 1
| #define HAVE_INTTYPES_H 1
| #define HAVE_STDINT_H 1
| #define HAVE_STRINGS_H 1
| #define HAVE_SYS_STAT_H 1
| #define HAVE_SYS_TYPES_H 1
| #define HAVE_UNISTD_H 1
| #define HAVE_SYS_TIME_H 1
| #define STDC_HEADERS 1
| #define HAVE_ARPA_INET_H 1
| #define HAVE_LOCALE_H 1
| #define HAVE_ERRNO_H 1
| #define HAVE_FCNTL_H 1
| #define HAVE_CTYPE_H 1
| #define HAVE_LIMITS_H 1
| #define HAVE_FLOAT_H 1
| #define HAVE_MATH_H 1
| #define HAVE_NETDB_H 1
| #define HAVE_NETINET_IN_H 1
| #define HAVE_STDLIB_H 1
| #define HAVE_STRING_H 1
| #define HAVE_STRINGS_H 1
| #define HAVE_STDINT_H 1
| #define HAVE_INTTYPES_H 1
| #define HAVE_TIME_H 1
| #define HAVE_SYS_SOCKET_H 1
| #define HAVE_SYS_TYPES_H 1
| #define HAVE_SYS_TIME_H 1
| #define HAVE_SYS_TIMEB_H 1
| #define HAVE_UNISTD_H 1
| #define HAVE_POLL_H 1
| #define HAVE_OPENSSL_SSL_H 1
| #define HAVE_ZLIB_H 1
| #define HAVE_SOCKLEN_T 1
| #define HAVE_STRUCT_TM_TM_GMTOFF 1
| /* end confdefs.h.  */
| 
| #include <sys/types.h>
| #include <time.h>
| 
| 
| int
| main (void)
| {
| static struct tm ac_aggr;
| if (ac_aggr.__tm_gmtoff)
| return 0;
|   ;
|   return 0;
| }
configure:6411: gcc -c -g -O2  conftest.c >&5
conftest.c: In function 'main':
conftest.c:58:20: error: 'struct tm' has no member named '__tm_gmtoff'; did you mean 'tm_gmtoff'?
   58 | if (sizeof ac_aggr.__tm_gmtoff)
      |                    ^~~~~~~~~~~
      |                    tm_gmtoff
configure:6411: $? = 1
configure: failed program was:
| /* confdefs.h */
| #define PACKAGE_NAME "gsoap"
| #define PACKAGE_TARNAME "gsoap"
| #define PACKAGE_VERSION "2.8"
| #define PACKAGE_STRING "gsoap 2.8"
| #define PACKAGE_BUGREPORT ""
| #define PACKAGE_URL ""
| #define PACKAGE "gsoap"
| #define VERSION "2.8"
| #define YYTEXT_POINTER 1
| #define HAVE_STDIO_H 1
| #define HAVE_STDLIB_H 1
| #define HAVE_STRING_H 1
| #define HAVE_INTTYPES_H 1
| #define HAVE_STDINT_H 1
| #define HAVE_STRINGS_H 1
| #define HAVE_SYS_STAT_H 1
| #define HAVE_SYS_TYPES_H 1
| #define HAVE_UNISTD_H 1
| #define HAVE_SYS_TIME_H 1
| #define STDC_HEADERS 1
| #define HAVE_ARPA_INET_H 1
| #define HAVE_LOCALE_H 1
| #define HAVE_ERRNO_H 1
| #define HAVE_FCNTL_H 1
| #define HAVE_CTYPE_H 1
| #define HAVE_LIMITS_H 1
| #define HAVE_FLOAT_H 1
| #define HAVE_MATH_H 1
| #define HAVE_NETDB_H 1
| #define HAVE_NETINET_IN_H 1
| #define HAVE_STDLIB_H 1
| #define HAVE_STRING_H 1
| #define HAVE_STRINGS_H 1
| #define HAVE_STDINT_H 1
| #define HAVE_INTTYPES_H 1
| #define HAVE_TIME_H 1
| #define HAVE_SYS_SOCKET_H 1
| #define HAVE_SYS_TYPES_H 1
| #define HAVE_SYS_TIME_H 1
| #define HAVE_SYS_TIMEB_H 1
| #define HAVE_UNISTD_H 1
| #define HAVE_POLL_H 1
| #define HAVE_OPENSSL_SSL_H 1
| #define HAVE_ZLIB_H 1
| #define HAVE_SOCKLEN_T 1
| #define HAVE_STRUCT_TM_TM_GMTOFF 1
| /* end confdefs.h.  */
| 
| #include <sys/types.h>
| #include <time.h>
| 
| 
| int
| main (void)
| {
| static struct tm ac_aggr;
| if (sizeof ac_aggr.__tm_gmtoff)
| return 0;
|   ;
|   return 0;
| }
configure:6411: result: no
configure:6431: checking for alarm
configure:6431: gcc -o conftest -g -O2   conftest.c  >&5
configure:6431: $? = 0
configure:6431: result: yes
configure:6442: checking for working mktime
configure:6640: gcc -o conftest -g -O2   conftest.c  >&5
configure:6640: $? = 0
configure:6640: ./conftest
configure:6640: $? = 0
configure:6651: result: yes
configure:6665: checking for strftime
configure:6665: gcc -o conftest -g -O2   conftest.c  >&5
conftest.c:66:6: warning: conflicting types for built-in function 'strftime'; expected 'long unsigned int(char *, long unsigned int,  const char *, const void *)' [-Wbuiltin-declaration-mismatch]
   66 | char strftime ();
      |      ^~~~~~~~
conftest.c:58:1: note: 'strftime' is declared in header '<time.h>'
   57 | #include <limits.h>
   58 | #undef strftime
configure:6665: $? = 0
configure:6665: result: yes
configure:6717: checking for random
configure:6717: gcc -o conftest -g -O2   conftest.c  >&5
configure:6717: $? = 0
configure:6717: result: yes
configure:6723: checking for gettimeofday
configure:6723: gcc -o conftest -g -O2   conftest.c  >&5
configure:6723: $? = 0
configure:6723: result: yes
configure:6729: checking for ftime
configure:6729: gcc -o conftest -g -O2   conftest.c  >&5
configure:6729: $? = 0
configure:6729: result: yes
configure:6735: checking for localtime_r
configure:6735: gcc -o conftest -g -O2   conftest.c  >&5
configure:6735: $? = 0
configure:6735: result: yes
configure:6741: checking for timegm
configure:6741: gcc -o conftest -g -O2   conftest.c  >&5
configure:6741: $? = 0
configure:6741: result: yes
configure:6747: checking for gmtime
configure:6747: gcc -o conftest -g -O2   conftest.c  >&5
configure:6747: $? = 0
configure:6747: result: yes
configure:6753: checking for gmtime_r
configure:6753: gcc -o conftest -g -O2   conftest.c  >&5
configure:6753: $? = 0
configure:6753: result: yes
configure:6759: checking for asctime
configure:6759: gcc -o conftest -g -O2   conftest.c  >&5
configure:6759: $? = 0
configure:6759: result: yes
configure:6765: checking for asctime_r
configure:6765: gcc -o conftest -g -O2   conftest.c  >&5
configure:6765: $? = 0
configure:6765: result: yes
configure:6771: checking for memset
configure:6771: gcc -o conftest -g -O2   conftest.c  >&5
conftest.c:76:6: warning: conflicting types for built-in function 'memset'; expected 'void *(void *, int,  long unsigned int)' [-Wbuiltin-declaration-mismatch]
   76 | char memset ();
      |      ^~~~~~
conftest.c:68:1: note: 'memset' is declared in header '<string.h>'
   67 | #include <limits.h>
   68 | #undef memset
configure:6771: $? = 0
configure:6771: result: yes
configure:6777: checking for select
configure:6777: gcc -o conftest -g -O2   conftest.c  >&5
configure:6777: $? = 0
configure:6777: result: yes
configure:6783: checking for socket
configure:6783: gcc -o conftest -g -O2   conftest.c  >&5
configure:6783: $? = 0
configure:6783: result: yes
configure:6789: checking for snprintf
configure:6789: gcc -o conftest -g -O2   conftest.c  >&5
conftest.c:79:6: warning: conflicting types for built-in function 'snprintf'; expected 'int(char *, long unsigned int,  const char *, ...)' [-Wbuiltin-declaration-mismatch]
   79 | char snprintf ();
      |      ^~~~~~~~
conftest.c:71:1: note: 'snprintf' is declared in header '<stdio.h>'
   70 | #include <limits.h>
   71 | #undef snprintf
configure:6789: $? = 0
configure:6789: result: yes
configure:6795: checking for strchr
configure:6795: gcc -o conftest -g -O2   conftest.c  >&5
conftest.c:80:6: warning: conflicting types for built-in function 'strchr'; expected 'char *(const char *, int)' [-Wbuiltin-declaration-mismatch]
   80 | char strchr ();
      |      ^~~~~~
conftest.c:72:1: note: 'strchr' is declared in header '<string.h>'
   71 | #include <limits.h>
   72 | #undef strchr
configure:6795: $? = 0
configure:6795: result: yes
configure:6801: checking for strerror
configure:6801: gcc -o conftest -g -O2   conftest.c  >&5
configure:6801: $? = 0
configure:6801: result: yes
configure:6807: checking for strerror_r
configure:6807: gcc -o conftest -g -O2   conftest.c  >&5
configure:6807: $? = 0
configure:6807: result: yes
configure:6813: checking for strlcpy
configure:6813: gcc -o conftest -g -O2   conftest.c  >&5
/usr/bin/ld: /tmp/ccfBl1gb.o: in function `main':
/home/ubuntu/Desktop/onvif/gsoap-2.8/conftest.c:94: undefined reference to `strlcpy'
collect2: error: ld returned 1 exit status
configure:6813: $? = 1
configure: failed program was:
| /* confdefs.h */
| #define PACKAGE_NAME "gsoap"
| #define PACKAGE_TARNAME "gsoap"
| #define PACKAGE_VERSION "2.8"
| #define PACKAGE_STRING "gsoap 2.8"
| #define PACKAGE_BUGREPORT ""
| #define PACKAGE_URL ""
| #define PACKAGE "gsoap"
| #define VERSION "2.8"
| #define YYTEXT_POINTER 1
| #define HAVE_STDIO_H 1
| #define HAVE_STDLIB_H 1
| #define HAVE_STRING_H 1
| #define HAVE_INTTYPES_H 1
| #define HAVE_STDINT_H 1
| #define HAVE_STRINGS_H 1
| #define HAVE_SYS_STAT_H 1
| #define HAVE_SYS_TYPES_H 1
| #define HAVE_UNISTD_H 1
| #define HAVE_SYS_TIME_H 1
| #define STDC_HEADERS 1
| #define HAVE_ARPA_INET_H 1
| #define HAVE_LOCALE_H 1
| #define HAVE_ERRNO_H 1
| #define HAVE_FCNTL_H 1
| #define HAVE_CTYPE_H 1
| #define HAVE_LIMITS_H 1
| #define HAVE_FLOAT_H 1
| #define HAVE_MATH_H 1
| #define HAVE_NETDB_H 1
| #define HAVE_NETINET_IN_H 1
| #define HAVE_STDLIB_H 1
| #define HAVE_STRING_H 1
| #define HAVE_STRINGS_H 1
| #define HAVE_STDINT_H 1
| #define HAVE_INTTYPES_H 1
| #define HAVE_TIME_H 1
| #define HAVE_SYS_SOCKET_H 1
| #define HAVE_SYS_TYPES_H 1
| #define HAVE_SYS_TIME_H 1
| #define HAVE_SYS_TIMEB_H 1
| #define HAVE_UNISTD_H 1
| #define HAVE_POLL_H 1
| #define HAVE_OPENSSL_SSL_H 1
| #define HAVE_ZLIB_H 1
| #define HAVE_SOCKLEN_T 1
| #define HAVE_STRUCT_TM_TM_GMTOFF 1
| #define HAVE_ALARM 1
| #define HAVE_STRFTIME 1
| #define HAVE_RANDOM 1
| #define HAVE_GETTIMEOFDAY 1
| #define HAVE_FTIME 1
| #define HAVE_LOCALTIME_R 1
| #define HAVE_TIMEGM 1
| #define HAVE_GMTIME 1
| #define HAVE_GMTIME_R 1
| #define HAVE_ASCTIME 1
| #define HAVE_ASCTIME_R 1
| #define HAVE_MEMSET 1
| #define HAVE_SELECT 1
| #define HAVE_SOCKET 1
| #define HAVE_SNPRINTF 1
| #define HAVE_STRCHR 1
| #define HAVE_STRERROR 1
| #define HAVE_STRERROR_R 1
| /* end confdefs.h.  */
| /* Define strlcpy to an innocuous variant, in case <limits.h> declares strlcpy.
|    For example, HP-UX 11i <limits.h> declares gettimeofday.  */
| #define strlcpy innocuous_strlcpy
| 
| /* System header to define __stub macros and hopefully few prototypes,
|    which can conflict with char strlcpy (); below.  */
| 
| #include <limits.h>
| #undef strlcpy
| 
| /* Override any GCC internal prototype to avoid an error.
|    Use char because int might match the return type of a GCC
|    builtin and then its argument prototype would still apply.  */
| #ifdef __cplusplus
| extern "C"
| #endif
| char strlcpy ();
| /* The GNU C library defines this for functions which it implements
|     to always fail with ENOSYS.  Some functions are actually named
|     something starting with __ and the normal name is an alias.  */
| #if defined __stub_strlcpy || defined __stub___strlcpy
| choke me
| #endif
| 
| int
| main (void)
| {
| return strlcpy ();
|   ;
|   return 0;
| }
configure:6813: result: no
configure:6819: checking for strlcat
configure:6819: gcc -o conftest -g -O2   conftest.c  >&5
/usr/bin/ld: /tmp/ccLMpLzd.o: in function `main':
/home/ubuntu/Desktop/onvif/gsoap-2.8/conftest.c:94: undefined reference to `strlcat'
collect2: error: ld returned 1 exit status
configure:6819: $? = 1
configure: failed program was:
| /* confdefs.h */
| #define PACKAGE_NAME "gsoap"
| #define PACKAGE_TARNAME "gsoap"
| #define PACKAGE_VERSION "2.8"
| #define PACKAGE_STRING "gsoap 2.8"
| #define PACKAGE_BUGREPORT ""
| #define PACKAGE_URL ""
| #define PACKAGE "gsoap"
| #define VERSION "2.8"
| #define YYTEXT_POINTER 1
| #define HAVE_STDIO_H 1
| #define HAVE_STDLIB_H 1
| #define HAVE_STRING_H 1
| #define HAVE_INTTYPES_H 1
| #define HAVE_STDINT_H 1
| #define HAVE_STRINGS_H 1
| #define HAVE_SYS_STAT_H 1
| #define HAVE_SYS_TYPES_H 1
| #define HAVE_UNISTD_H 1
| #define HAVE_SYS_TIME_H 1
| #define STDC_HEADERS 1
| #define HAVE_ARPA_INET_H 1
| #define HAVE_LOCALE_H 1
| #define HAVE_ERRNO_H 1
| #define HAVE_FCNTL_H 1
| #define HAVE_CTYPE_H 1
| #define HAVE_LIMITS_H 1
| #define HAVE_FLOAT_H 1
| #define HAVE_MATH_H 1
| #define HAVE_NETDB_H 1
| #define HAVE_NETINET_IN_H 1
| #define HAVE_STDLIB_H 1
| #define HAVE_STRING_H 1
| #define HAVE_STRINGS_H 1
| #define HAVE_STDINT_H 1
| #define HAVE_INTTYPES_H 1
| #define HAVE_TIME_H 1
| #define HAVE_SYS_SOCKET_H 1
| #define HAVE_SYS_TYPES_H 1
| #define HAVE_SYS_TIME_H 1
| #define HAVE_SYS_TIMEB_H 1
| #define HAVE_UNISTD_H 1
| #define HAVE_POLL_H 1
| #define HAVE_OPENSSL_SSL_H 1
| #define HAVE_ZLIB_H 1
| #define HAVE_SOCKLEN_T 1
| #define HAVE_STRUCT_TM_TM_GMTOFF 1
| #define HAVE_ALARM 1
| #define HAVE_STRFTIME 1
| #define HAVE_RANDOM 1
| #define HAVE_GETTIMEOFDAY 1
| #define HAVE_FTIME 1
| #define HAVE_LOCALTIME_R 1
| #define HAVE_TIMEGM 1
| #define HAVE_GMTIME 1
| #define HAVE_GMTIME_R 1
| #define HAVE_ASCTIME 1
| #define HAVE_ASCTIME_R 1
| #define HAVE_MEMSET 1
| #define HAVE_SELECT 1
| #define HAVE_SOCKET 1
| #define HAVE_SNPRINTF 1
| #define HAVE_STRCHR 1
| #define HAVE_STRERROR 1
| #define HAVE_STRERROR_R 1
| /* end confdefs.h.  */
| /* Define strlcat to an innocuous variant, in case <limits.h> declares strlcat.
|    For example, HP-UX 11i <limits.h> declares gettimeofday.  */
| #define strlcat innocuous_strlcat
| 
| /* System header to define __stub macros and hopefully few prototypes,
|    which can conflict with char strlcat (); below.  */
| 
| #include <limits.h>
| #undef strlcat
| 
| /* Override any GCC internal prototype to avoid an error.
|    Use char because int might match the return type of a GCC
|    builtin and then its argument prototype would still apply.  */
| #ifdef __cplusplus
| extern "C"
| #endif
| char strlcat ();
| /* The GNU C library defines this for functions which it implements
|     to always fail with ENOSYS.  Some functions are actually named
|     something starting with __ and the normal name is an alias.  */
| #if defined __stub_strlcat || defined __stub___strlcat
| choke me
| #endif
| 
| int
| main (void)
| {
| return strlcat ();
|   ;
|   return 0;
| }
configure:6819: result: no
configure:6825: checking for strrchr
configure:6825: gcc -o conftest -g -O2   conftest.c  >&5
conftest.c:83:6: warning: conflicting types for built-in function 'strrchr'; expected 'char *(const char *, int)' [-Wbuiltin-declaration-mismatch]
   83 | char strrchr ();
      |      ^~~~~~~
conftest.c:75:1: note: 'strrchr' is declared in header '<string.h>'
   74 | #include <limits.h>
   75 | #undef strrchr
configure:6825: $? = 0
configure:6825: result: yes
configure:6831: checking for strstr
configure:6831: gcc -o conftest -g -O2   conftest.c  >&5
conftest.c:84:6: warning: conflicting types for built-in function 'strstr'; expected 'char *(const char *, const char *)' [-Wbuiltin-declaration-mismatch]
   84 | char strstr ();
      |      ^~~~~~
conftest.c:76:1: note: 'strstr' is declared in header '<string.h>'
   75 | #include <limits.h>
   76 | #undef strstr
configure:6831: $? = 0
configure:6831: result: yes
configure:6837: checking for strtol
configure:6837: gcc -o conftest -g -O2   conftest.c  >&5
configure:6837: $? = 0
configure:6837: result: yes
configure:6843: checking for strtoul
configure:6843: gcc -o conftest -g -O2   conftest.c  >&5
configure:6843: $? = 0
configure:6843: result: yes
configure:6849: checking for strtoll
configure:6849: gcc -o conftest -g -O2   conftest.c  >&5
configure:6849: $? = 0
configure:6849: result: yes
configure:6855: checking for strtoull
configure:6855: gcc -o conftest -g -O2   conftest.c  >&5
configure:6855: $? = 0
configure:6855: result: yes
configure:6861: checking for strtold
configure:6861: gcc -o conftest -g -O2   conftest.c  >&5
configure:6861: $? = 0
configure:6861: result: yes
configure:6867: checking for strtod
configure:6867: gcc -o conftest -g -O2   conftest.c  >&5
configure:6867: $? = 0
configure:6867: result: yes
configure:6873: checking for strtof
configure:6873: gcc -o conftest -g -O2   conftest.c  >&5
configure:6873: $? = 0
configure:6873: result: yes
configure:6879: checking for strtold_l
configure:6879: gcc -o conftest -g -O2   conftest.c  >&5
configure:6879: $? = 0
configure:6879: result: yes
configure:6885: checking for strtod_l
configure:6885: gcc -o conftest -g -O2   conftest.c  >&5
configure:6885: $? = 0
configure:6885: result: yes
configure:6891: checking for strtof_l
configure:6891: gcc -o conftest -g -O2   conftest.c  >&5
configure:6891: $? = 0
configure:6891: result: yes
configure:6897: checking for sscanf
configure:6897: gcc -o conftest -g -O2   conftest.c  >&5
conftest.c:95:6: warning: conflicting types for built-in function 'sscanf'; expected 'int(const char *, const char *, ...)' [-Wbuiltin-declaration-mismatch]
   95 | char sscanf ();
      |      ^~~~~~
conftest.c:87:1: note: 'sscanf' is declared in header '<stdio.h>'
   86 | #include <limits.h>
   87 | #undef sscanf
configure:6897: $? = 0
configure:6897: result: yes
configure:6903: checking for sscanf_l
configure:6903: gcc -o conftest -g -O2   conftest.c  >&5
/usr/bin/ld: /tmp/ccJJy1zQ.o: in function `main':
/home/ubuntu/Desktop/onvif/gsoap-2.8/conftest.c:107: undefined reference to `sscanf_l'
collect2: error: ld returned 1 exit status
configure:6903: $? = 1
configure: failed program was:
| /* confdefs.h */
| #define PACKAGE_NAME "gsoap"
| #define PACKAGE_TARNAME "gsoap"
| #define PACKAGE_VERSION "2.8"
| #define PACKAGE_STRING "gsoap 2.8"
| #define PACKAGE_BUGREPORT ""
| #define PACKAGE_URL ""
| #define PACKAGE "gsoap"
| #define VERSION "2.8"
| #define YYTEXT_POINTER 1
| #define HAVE_STDIO_H 1
| #define HAVE_STDLIB_H 1
| #define HAVE_STRING_H 1
| #define HAVE_INTTYPES_H 1
| #define HAVE_STDINT_H 1
| #define HAVE_STRINGS_H 1
| #define HAVE_SYS_STAT_H 1
| #define HAVE_SYS_TYPES_H 1
| #define HAVE_UNISTD_H 1
| #define HAVE_SYS_TIME_H 1
| #define STDC_HEADERS 1
| #define HAVE_ARPA_INET_H 1
| #define HAVE_LOCALE_H 1
| #define HAVE_ERRNO_H 1
| #define HAVE_FCNTL_H 1
| #define HAVE_CTYPE_H 1
| #define HAVE_LIMITS_H 1
| #define HAVE_FLOAT_H 1
| #define HAVE_MATH_H 1
| #define HAVE_NETDB_H 1
| #define HAVE_NETINET_IN_H 1
| #define HAVE_STDLIB_H 1
| #define HAVE_STRING_H 1
| #define HAVE_STRINGS_H 1
| #define HAVE_STDINT_H 1
| #define HAVE_INTTYPES_H 1
| #define HAVE_TIME_H 1
| #define HAVE_SYS_SOCKET_H 1
| #define HAVE_SYS_TYPES_H 1
| #define HAVE_SYS_TIME_H 1
| #define HAVE_SYS_TIMEB_H 1
| #define HAVE_UNISTD_H 1
| #define HAVE_POLL_H 1
| #define HAVE_OPENSSL_SSL_H 1
| #define HAVE_ZLIB_H 1
| #define HAVE_SOCKLEN_T 1
| #define HAVE_STRUCT_TM_TM_GMTOFF 1
| #define HAVE_ALARM 1
| #define HAVE_STRFTIME 1
| #define HAVE_RANDOM 1
| #define HAVE_GETTIMEOFDAY 1
| #define HAVE_FTIME 1
| #define HAVE_LOCALTIME_R 1
| #define HAVE_TIMEGM 1
| #define HAVE_GMTIME 1
| #define HAVE_GMTIME_R 1
| #define HAVE_ASCTIME 1
| #define HAVE_ASCTIME_R 1
| #define HAVE_MEMSET 1
| #define HAVE_SELECT 1
| #define HAVE_SOCKET 1
| #define HAVE_SNPRINTF 1
| #define HAVE_STRCHR 1
| #define HAVE_STRERROR 1
| #define HAVE_STRERROR_R 1
| #define HAVE_STRRCHR 1
| #define HAVE_STRSTR 1
| #define HAVE_STRTOL 1
| #define HAVE_STRTOUL 1
| #define HAVE_STRTOLL 1
| #define HAVE_STRTOULL 1
| #define HAVE_STRTOLD 1
| #define HAVE_STRTOD 1
| #define HAVE_STRTOF 1
| #define HAVE_STRTOLD_L 1
| #define HAVE_STRTOD_L 1
| #define HAVE_STRTOF_L 1
| #define HAVE_SSCANF 1
| /* end confdefs.h.  */
| /* Define sscanf_l to an innocuous variant, in case <limits.h> declares sscanf_l.
|    For example, HP-UX 11i <limits.h> declares gettimeofday.  */
| #define sscanf_l innocuous_sscanf_l
| 
| /* System header to define __stub macros and hopefully few prototypes,
|    which can conflict with char sscanf_l (); below.  */
| 
| #include <limits.h>
| #undef sscanf_l
| 
| /* Override any GCC internal prototype to avoid an error.
|    Use char because int might match the return type of a GCC
|    builtin and then its argument prototype would still apply.  */
| #ifdef __cplusplus
| extern "C"
| #endif
| char sscanf_l ();
| /* The GNU C library defines this for functions which it implements
|     to always fail with ENOSYS.  Some functions are actually named
|     something starting with __ and the normal name is an alias.  */
| #if defined __stub_sscanf_l || defined __stub___sscanf_l
| choke me
| #endif
| 
| int
| main (void)
| {
| return sscanf_l ();
|   ;
|   return 0;
| }
configure:6903: result: no
configure:6909: checking for snprintf
configure:6909: result: yes
configure:6915: checking for sprintf_l
configure:6915: gcc -o conftest -g -O2   conftest.c  >&5
/usr/bin/ld: /tmp/ccpt1BXT.o: in function `main':
/home/ubuntu/Desktop/onvif/gsoap-2.8/conftest.c:108: undefined reference to `sprintf_l'
collect2: error: ld returned 1 exit status
configure:6915: $? = 1
configure: failed program was:
| /* confdefs.h */
| #define PACKAGE_NAME "gsoap"
| #define PACKAGE_TARNAME "gsoap"
| #define PACKAGE_VERSION "2.8"
| #define PACKAGE_STRING "gsoap 2.8"
| #define PACKAGE_BUGREPORT ""
| #define PACKAGE_URL ""
| #define PACKAGE "gsoap"
| #define VERSION "2.8"
| #define YYTEXT_POINTER 1
| #define HAVE_STDIO_H 1
| #define HAVE_STDLIB_H 1
| #define HAVE_STRING_H 1
| #define HAVE_INTTYPES_H 1
| #define HAVE_STDINT_H 1
| #define HAVE_STRINGS_H 1
| #define HAVE_SYS_STAT_H 1
| #define HAVE_SYS_TYPES_H 1
| #define HAVE_UNISTD_H 1
| #define HAVE_SYS_TIME_H 1
| #define STDC_HEADERS 1
| #define HAVE_ARPA_INET_H 1
| #define HAVE_LOCALE_H 1
| #define HAVE_ERRNO_H 1
| #define HAVE_FCNTL_H 1
| #define HAVE_CTYPE_H 1
| #define HAVE_LIMITS_H 1
| #define HAVE_FLOAT_H 1
| #define HAVE_MATH_H 1
| #define HAVE_NETDB_H 1
| #define HAVE_NETINET_IN_H 1
| #define HAVE_STDLIB_H 1
| #define HAVE_STRING_H 1
| #define HAVE_STRINGS_H 1
| #define HAVE_STDINT_H 1
| #define HAVE_INTTYPES_H 1
| #define HAVE_TIME_H 1
| #define HAVE_SYS_SOCKET_H 1
| #define HAVE_SYS_TYPES_H 1
| #define HAVE_SYS_TIME_H 1
| #define HAVE_SYS_TIMEB_H 1
| #define HAVE_UNISTD_H 1
| #define HAVE_POLL_H 1
| #define HAVE_OPENSSL_SSL_H 1
| #define HAVE_ZLIB_H 1
| #define HAVE_SOCKLEN_T 1
| #define HAVE_STRUCT_TM_TM_GMTOFF 1
| #define HAVE_ALARM 1
| #define HAVE_STRFTIME 1
| #define HAVE_RANDOM 1
| #define HAVE_GETTIMEOFDAY 1
| #define HAVE_FTIME 1
| #define HAVE_LOCALTIME_R 1
| #define HAVE_TIMEGM 1
| #define HAVE_GMTIME 1
| #define HAVE_GMTIME_R 1
| #define HAVE_ASCTIME 1
| #define HAVE_ASCTIME_R 1
| #define HAVE_MEMSET 1
| #define HAVE_SELECT 1
| #define HAVE_SOCKET 1
| #define HAVE_SNPRINTF 1
| #define HAVE_STRCHR 1
| #define HAVE_STRERROR 1
| #define HAVE_STRERROR_R 1
| #define HAVE_STRRCHR 1
| #define HAVE_STRSTR 1
| #define HAVE_STRTOL 1
| #define HAVE_STRTOUL 1
| #define HAVE_STRTOLL 1
| #define HAVE_STRTOULL 1
| #define HAVE_STRTOLD 1
| #define HAVE_STRTOD 1
| #define HAVE_STRTOF 1
| #define HAVE_STRTOLD_L 1
| #define HAVE_STRTOD_L 1
| #define HAVE_STRTOF_L 1
| #define HAVE_SSCANF 1
| #define HAVE_SNPRINTF 1
| /* end confdefs.h.  */
| /* Define sprintf_l to an innocuous variant, in case <limits.h> declares sprintf_l.
|    For example, HP-UX 11i <limits.h> declares gettimeofday.  */
| #define sprintf_l innocuous_sprintf_l
| 
| /* System header to define __stub macros and hopefully few prototypes,
|    which can conflict with char sprintf_l (); below.  */
| 
| #include <limits.h>
| #undef sprintf_l
| 
| /* Override any GCC internal prototype to avoid an error.
|    Use char because int might match the return type of a GCC
|    builtin and then its argument prototype would still apply.  */
| #ifdef __cplusplus
| extern "C"
| #endif
| char sprintf_l ();
| /* The GNU C library defines this for functions which it implements
|     to always fail with ENOSYS.  Some functions are actually named
|     something starting with __ and the normal name is an alias.  */
| #if defined __stub_sprintf_l || defined __stub___sprintf_l
| choke me
| #endif
| 
| int
| main (void)
| {
| return sprintf_l ();
|   ;
|   return 0;
| }
configure:6915: result: no
configure:6921: checking for poll
configure:6921: gcc -o conftest -g -O2   conftest.c  >&5
configure:6921: $? = 0
configure:6921: result: yes
configure:6927: checking for newlocale
configure:6927: gcc -o conftest -g -O2   conftest.c  >&5
configure:6927: $? = 0
configure:6927: result: yes
configure:6933: checking for uselocale
configure:6933: gcc -o conftest -g -O2   conftest.c  >&5
configure:6933: $? = 0
configure:6933: result: yes
configure:6939: checking for freelocale
configure:6939: gcc -o conftest -g -O2   conftest.c  >&5
configure:6939: $? = 0
configure:6939: result: yes
configure:6948: checking for isnan
configure:6948: gcc -o conftest -g -O2   conftest.c  >&5
conftest.c:101:6: warning: conflicting types for built-in function 'isnan'; expected 'int()' [-Wbuiltin-declaration-mismatch]
  101 | char isnan ();
      |      ^~~~~
conftest.c:93:1: note: 'isnan' is declared in header '<math.h>'
   92 | #include <limits.h>
   93 | #undef isnan
configure:6948: $? = 0
configure:6948: result: yes
configure:6958: checking for isinf
configure:6958: gcc -o conftest -g -O2   conftest.c  >&5
conftest.c:102:6: warning: conflicting types for built-in function 'isinf'; expected 'int()' [-Wbuiltin-declaration-mismatch]
  102 | char isinf ();
      |      ^~~~~
conftest.c:94:1: note: 'isinf' is declared in header '<math.h>'
   93 | #include <limits.h>
   94 | #undef isinf
configure:6958: $? = 0
configure:6958: result: yes
configure:7042: checking for gethostbyname_r
configure:7042: gcc -o conftest -g -O2   conftest.c  >&5
configure:7042: $? = 0
configure:7042: result: yes
configure:7049: checking for GNU libc compatible malloc
configure:7081: gcc -o conftest -g -O2   conftest.c  >&5
configure:7081: $? = 0
configure:7081: ./conftest
configure:7081: $? = 0
configure:7092: result: yes
configure:7165: checking for disable namespaces in library
configure:7168: result: no
configure:7188: checking for enable xlocale usage in library
configure:7195: result: no
configure:7211: checking for disable c locale usage in library
configure:7214: result: no
configure:7234: checking for enable ipv6 in library
configure:7241: result: no
configure:7257: checking for enable ipv6-v6only in library
configure:7264: result: no
configure:7307: checking for disable openssl in library
configure:7310: result: no
configure:7312: checking for enable gnutls in library
configure:7323: result: no
configure:7523: checking that generated files are newer than configure
configure:7529: result: done
configure:7568: creating ./config.status

## ---------------------- ##
## Running config.status. ##
## ---------------------- ##

This file was extended by gsoap config.status 2.8, which was
generated by GNU Autoconf 2.71.  Invocation command line was

  CONFIG_FILES    = 
  CONFIG_HEADERS  = 
  CONFIG_LINKS    = 
  CONFIG_COMMANDS = 
  $ ./config.status 

on ubuntu-machine

config.status:1011: creating Makefile
config.status:1011: creating gsoap.pc
config.status:1011: creating gsoap++.pc
config.status:1011: creating gsoapck.pc
config.status:1011: creating gsoapck++.pc
config.status:1011: creating gsoapssl.pc
config.status:1011: creating gsoapssl++.pc
config.status:1011: creating gsoap/Makefile
config.status:1011: creating gsoap/src/Makefile
config.status:1011: creating gsoap/wsdl/Makefile
config.status:1011: creating gsoap/samples/Makefile
config.status:1011: creating gsoap/samples/autotest/Makefile
config.status:1011: creating gsoap/samples/aws/Makefile
config.status:1011: creating gsoap/samples/calc/Makefile
config.status:1011: creating gsoap/samples/calc++/Makefile
config.status:1011: creating gsoap/samples/chaining/Makefile
config.status:1011: creating gsoap/samples/chaining++/Makefile
config.status:1011: creating gsoap/samples/databinding/Makefile
config.status:1011: creating gsoap/samples/dime/Makefile
config.status:1011: creating gsoap/samples/dom/Makefile
config.status:1011: creating gsoap/samples/oneway/Makefile
config.status:1011: creating gsoap/samples/oneway++/Makefile
config.status:1011: creating gsoap/samples/factory/Makefile
config.status:1011: creating gsoap/samples/factorytest/Makefile
config.status:1011: creating gsoap/samples/gmt/Makefile
config.status:1011: creating gsoap/samples/googleapi/Makefile
config.status:1011: creating gsoap/samples/hello/Makefile
config.status:1011: creating gsoap/samples/httpcookies/Makefile
config.status:1011: creating gsoap/samples/lu/Makefile
config.status:1011: creating gsoap/samples/magic/Makefile
config.status:1011: creating gsoap/samples/mashup/Makefile
config.status:1011: creating gsoap/samples/mashup++/Makefile
config.status:1011: creating gsoap/samples/mtom/Makefile
config.status:1011: creating gsoap/samples/mtom-stream/Makefile
config.status:1011: creating gsoap/samples/polytest/Makefile
config.status:1011: creating gsoap/samples/primes/Makefile
config.status:1011: creating gsoap/samples/roll/Makefile
config.status:1011: creating gsoap/samples/router/Makefile
config.status:1011: creating gsoap/samples/atom/Makefile
config.status:1011: creating gsoap/samples/rss/Makefile
config.status:1011: creating gsoap/samples/ssl/Makefile
config.status:1011: creating gsoap/samples/template/Makefile
config.status:1011: creating gsoap/samples/udp/Makefile
config.status:1011: creating gsoap/samples/varparam/Makefile
config.status:1011: creating gsoap/samples/wsa/Makefile
config.status:1011: creating gsoap/samples/wsrm/Makefile
config.status:1011: creating gsoap/samples/wsse/Makefile
config.status:1011: creating gsoap/samples/wst/Makefile
config.status:1011: creating gsoap/samples/xml-rpc-json/Makefile
config.status:1011: creating gsoap/samples/rest/Makefile
config.status:1011: creating gsoap/samples/testmsgr/Makefile
config.status:1011: creating gsoap/samples/async/Makefile
config.status:1011: creating config.h
config.status:1192: config.h is unchanged
config.status:1240: executing depfiles commands
config.status:1317: cd gsoap       && sed -e '/# am--include-marker/d' Makefile         | make -f - am--depfiles
make: Nothing to be done for 'am--depfiles'.
config.status:1322: $? = 0
config.status:1317: cd gsoap/src       && sed -e '/# am--include-marker/d' Makefile         | make -f - am--depfiles
make: Nothing to be done for 'am--depfiles'.
config.status:1322: $? = 0
config.status:1317: cd gsoap/wsdl       && sed -e '/# am--include-marker/d' Makefile         | make -f - am--depfiles
make: Nothing to be done for 'am--depfiles'.
config.status:1322: $? = 0
config.status:1317: cd gsoap/samples/autotest       && sed -e '/# am--include-marker/d' Makefile         | make -f - am--depfiles
make: Nothing to be done for 'am--depfiles'.
config.status:1322: $? = 0
config.status:1317: cd gsoap/samples/aws       && sed -e '/# am--include-marker/d' Makefile         | make -f - am--depfiles
make: Nothing to be done for 'am--depfiles'.
config.status:1322: $? = 0
config.status:1317: cd gsoap/samples/calc       && sed -e '/# am--include-marker/d' Makefile         | make -f - am--depfiles
make: Nothing to be done for 'am--depfiles'.
config.status:1322: $? = 0
config.status:1317: cd gsoap/samples/calc++       && sed -e '/# am--include-marker/d' Makefile         | make -f - am--depfiles
make: Nothing to be done for 'am--depfiles'.
config.status:1322: $? = 0
config.status:1317: cd gsoap/samples/chaining       && sed -e '/# am--include-marker/d' Makefile         | make -f - am--depfiles
make: Nothing to be done for 'am--depfiles'.
config.status:1322: $? = 0
config.status:1317: cd gsoap/samples/chaining++       && sed -e '/# am--include-marker/d' Makefile         | make -f - am--depfiles
make: Nothing to be done for 'am--depfiles'.
config.status:1322: $? = 0
config.status:1317: cd gsoap/samples/databinding       && sed -e '/# am--include-marker/d' Makefile         | make -f - am--depfiles
make: Nothing to be done for 'am--depfiles'.
config.status:1322: $? = 0
config.status:1317: cd gsoap/samples/dime       && sed -e '/# am--include-marker/d' Makefile         | make -f - am--depfiles
make: Nothing to be done for 'am--depfiles'.
config.status:1322: $? = 0
config.status:1317: cd gsoap/samples/dom       && sed -e '/# am--include-marker/d' Makefile         | make -f - am--depfiles
make: Nothing to be done for 'am--depfiles'.
config.status:1322: $? = 0
config.status:1317: cd gsoap/samples/oneway       && sed -e '/# am--include-marker/d' Makefile         | make -f - am--depfiles
make: Nothing to be done for 'am--depfiles'.
config.status:1322: $? = 0
config.status:1317: cd gsoap/samples/oneway++       && sed -e '/# am--include-marker/d' Makefile         | make -f - am--depfiles
make: Nothing to be done for 'am--depfiles'.
config.status:1322: $? = 0
config.status:1317: cd gsoap/samples/factory       && sed -e '/# am--include-marker/d' Makefile         | make -f - am--depfiles
make: Nothing to be done for 'am--depfiles'.
config.status:1322: $? = 0
config.status:1317: cd gsoap/samples/factorytest       && sed -e '/# am--include-marker/d' Makefile         | make -f - am--depfiles
make: Nothing to be done for 'am--depfiles'.
config.status:1322: $? = 0
config.status:1317: cd gsoap/samples/gmt       && sed -e '/# am--include-marker/d' Makefile         | make -f - am--depfiles
make: Nothing to be done for 'am--depfiles'.
config.status:1322: $? = 0
config.status:1317: cd gsoap/samples/googleapi       && sed -e '/# am--include-marker/d' Makefile         | make -f - am--depfiles
/tmp/Gm3UEo3J:645: warning: overriding recipe for target 'soapC.cpp'
/tmp/Gm3UEo3J:642: warning: ignoring old recipe for target 'soapC.cpp'
make: Nothing to be done for 'am--depfiles'.
config.status:1322: $? = 0
config.status:1317: cd gsoap/samples/hello       && sed -e '/# am--include-marker/d' Makefile         | make -f - am--depfiles
make: Nothing to be done for 'am--depfiles'.
config.status:1322: $? = 0
config.status:1317: cd gsoap/samples/httpcookies       && sed -e '/# am--include-marker/d' Makefile         | make -f - am--depfiles
make: Nothing to be done for 'am--depfiles'.
config.status:1322: $? = 0
config.status:1317: cd gsoap/samples/lu       && sed -e '/# am--include-marker/d' Makefile         | make -f - am--depfiles
make: Nothing to be done for 'am--depfiles'.
config.status:1322: $? = 0
config.status:1317: cd gsoap/samples/magic       && sed -e '/# am--include-marker/d' Makefile         | make -f - am--depfiles
make: Nothing to be done for 'am--depfiles'.
config.status:1322: $? = 0
config.status:1317: cd gsoap/samples/mashup       && sed -e '/# am--include-marker/d' Makefile         | make -f - am--depfiles
make: Nothing to be done for 'am--depfiles'.
config.status:1322: $? = 0
config.status:1317: cd gsoap/samples/mashup++       && sed -e '/# am--include-marker/d' Makefile         | make -f - am--depfiles
make: Nothing to be done for 'am--depfiles'.
config.status:1322: $? = 0
config.status:1317: cd gsoap/samples/mtom       && sed -e '/# am--include-marker/d' Makefile         | make -f - am--depfiles
make: Nothing to be done for 'am--depfiles'.
config.status:1322: $? = 0
config.status:1317: cd gsoap/samples/mtom-stream       && sed -e '/# am--include-marker/d' Makefile         | make -f - am--depfiles
make: Nothing to be done for 'am--depfiles'.
config.status:1322: $? = 0
config.status:1317: cd gsoap/samples/polytest       && sed -e '/# am--include-marker/d' Makefile         | make -f - am--depfiles
make: Nothing to be done for 'am--depfiles'.
config.status:1322: $? = 0
config.status:1317: cd gsoap/samples/primes       && sed -e '/# am--include-marker/d' Makefile         | make -f - am--depfiles
make: Nothing to be done for 'am--depfiles'.
config.status:1322: $? = 0
config.status:1317: cd gsoap/samples/roll       && sed -e '/# am--include-marker/d' Makefile         | make -f - am--depfiles
make: Nothing to be done for 'am--depfiles'.
config.status:1322: $? = 0
config.status:1317: cd gsoap/samples/router       && sed -e '/# am--include-marker/d' Makefile         | make -f - am--depfiles
make: Nothing to be done for 'am--depfiles'.
config.status:1322: $? = 0
config.status:1317: cd gsoap/samples/atom       && sed -e '/# am--include-marker/d' Makefile         | make -f - am--depfiles
make: Nothing to be done for 'am--depfiles'.
config.status:1322: $? = 0
config.status:1317: cd gsoap/samples/rss       && sed -e '/# am--include-marker/d' Makefile         | make -f - am--depfiles
make: Nothing to be done for 'am--depfiles'.
config.status:1322: $? = 0
config.status:1317: cd gsoap/samples/ssl       && sed -e '/# am--include-marker/d' Makefile         | make -f - am--depfiles
make: Nothing to be done for 'am--depfiles'.
config.status:1322: $? = 0
config.status:1317: cd gsoap/samples/template       && sed -e '/# am--include-marker/d' Makefile         | make -f - am--depfiles
make: Nothing to be done for 'am--depfiles'.
config.status:1322: $? = 0
config.status:1317: cd gsoap/samples/udp       && sed -e '/# am--include-marker/d' Makefile         | make -f - am--depfiles
make: Nothing to be done for 'am--depfiles'.
config.status:1322: $? = 0
config.status:1317: cd gsoap/samples/varparam       && sed -e '/# am--include-marker/d' Makefile         | make -f - am--depfiles
make: Nothing to be done for 'am--depfiles'.
config.status:1322: $? = 0
config.status:1317: cd gsoap/samples/wsa       && sed -e '/# am--include-marker/d' Makefile         | make -f - am--depfiles
make: Nothing to be done for 'am--depfiles'.
config.status:1322: $? = 0
config.status:1317: cd gsoap/samples/wsrm       && sed -e '/# am--include-marker/d' Makefile         | make -f - am--depfiles
make: Nothing to be done for 'am--depfiles'.
config.status:1322: $? = 0
config.status:1317: cd gsoap/samples/wsse       && sed -e '/# am--include-marker/d' Makefile         | make -f - am--depfiles
make: Nothing to be done for 'am--depfiles'.
config.status:1322: $? = 0
config.status:1317: cd gsoap/samples/wst       && sed -e '/# am--include-marker/d' Makefile         | make -f - am--depfiles
make: Nothing to be done for 'am--depfiles'.
config.status:1322: $? = 0
config.status:1317: cd gsoap/samples/xml-rpc-json       && sed -e '/# am--include-marker/d' Makefile         | make -f - am--depfiles
make: Nothing to be done for 'am--depfiles'.
config.status:1322: $? = 0
config.status:1317: cd gsoap/samples/rest       && sed -e '/# am--include-marker/d' Makefile         | make -f - am--depfiles
make: Nothing to be done for 'am--depfiles'.
config.status:1322: $? = 0
config.status:1317: cd gsoap/samples/testmsgr       && sed -e '/# am--include-marker/d' Makefile         | make -f - am--depfiles
make: Nothing to be done for 'am--depfiles'.
config.status:1322: $? = 0
config.status:1317: cd gsoap/samples/async       && sed -e '/# am--include-marker/d' Makefile         | make -f - am--depfiles
make: Nothing to be done for 'am--depfiles'.
config.status:1322: $? = 0

## ---------------- ##
## Cache variables. ##
## ---------------- ##

ac_cv_build=x86_64-unknown-linux-gnu
ac_cv_c_compiler_gnu=yes
ac_cv_c_const=yes
ac_cv_cxx_compiler_gnu=yes
ac_cv_env_CCC_set=
ac_cv_env_CCC_value=
ac_cv_env_CC_set=
ac_cv_env_CC_value=
ac_cv_env_CFLAGS_set=
ac_cv_env_CFLAGS_value=
ac_cv_env_CPPFLAGS_set=
ac_cv_env_CPPFLAGS_value=
ac_cv_env_CPP_set=
ac_cv_env_CPP_value=
ac_cv_env_CXXFLAGS_set=
ac_cv_env_CXXFLAGS_value=
ac_cv_env_CXX_set=
ac_cv_env_CXX_value=
ac_cv_env_LDFLAGS_set=
ac_cv_env_LDFLAGS_value=
ac_cv_env_LIBS_set=
ac_cv_env_LIBS_value=
ac_cv_env_YACC_set=
ac_cv_env_YACC_value=
ac_cv_env_YFLAGS_set=
ac_cv_env_YFLAGS_value=
ac_cv_env_build_alias_set=
ac_cv_env_build_alias_value=
ac_cv_env_host_alias_set=
ac_cv_env_host_alias_value=
ac_cv_env_target_alias_set=
ac_cv_env_target_alias_value=
ac_cv_func_alarm=yes
ac_cv_func_asctime=yes
ac_cv_func_asctime_r=yes
ac_cv_func_freelocale=yes
ac_cv_func_ftime=yes
ac_cv_func_gethostbyname_r=yes
ac_cv_func_gettimeofday=yes
ac_cv_func_gmtime=yes
ac_cv_func_gmtime_r=yes
ac_cv_func_isinf=yes
ac_cv_func_isnan=yes
ac_cv_func_localtime_r=yes
ac_cv_func_malloc_0_nonnull=yes
ac_cv_func_memset=yes
ac_cv_func_newlocale=yes
ac_cv_func_poll=yes
ac_cv_func_random=yes
ac_cv_func_select=yes
ac_cv_func_snprintf=yes
ac_cv_func_socket=yes
ac_cv_func_sprintf_l=no
ac_cv_func_sscanf=yes
ac_cv_func_sscanf_l=no
ac_cv_func_strchr=yes
ac_cv_func_strerror=yes
ac_cv_func_strerror_r=yes
ac_cv_func_strftime=yes
ac_cv_func_strlcat=no
ac_cv_func_strlcpy=no
ac_cv_func_strrchr=yes
ac_cv_func_strstr=yes
ac_cv_func_strtod=yes
ac_cv_func_strtod_l=yes
ac_cv_func_strtof=yes
ac_cv_func_strtof_l=yes
ac_cv_func_strtol=yes
ac_cv_func_strtold=yes
ac_cv_func_strtold_l=yes
ac_cv_func_strtoll=yes
ac_cv_func_strtoul=yes
ac_cv_func_strtoull=yes
ac_cv_func_timegm=yes
ac_cv_func_uselocale=yes
ac_cv_func_working_mktime=yes
ac_cv_header_arpa_inet_h=yes
ac_cv_header_ctype_h=yes
ac_cv_header_errno_h=yes
ac_cv_header_fcntl_h=yes
ac_cv_header_float_h=yes
ac_cv_header_gnutls_gnutls_h=no
ac_cv_header_inttypes_h=yes
ac_cv_header_limits_h=yes
ac_cv_header_locale_h=yes
ac_cv_header_math_h=yes
ac_cv_header_netdb_h=yes
ac_cv_header_netinet_in_h=yes
ac_cv_header_openssl_ssl_h=yes
ac_cv_header_poll_h=yes
ac_cv_header_stdint_h=yes
ac_cv_header_stdio_h=yes
ac_cv_header_stdlib_h=yes
ac_cv_header_string_h=yes
ac_cv_header_strings_h=yes
ac_cv_header_sys_inttypes_h=no
ac_cv_header_sys_socket_h=yes
ac_cv_header_sys_stat_h=yes
ac_cv_header_sys_time_h=yes
ac_cv_header_sys_timeb_h=yes
ac_cv_header_sys_types_h=yes
ac_cv_header_time_h=yes
ac_cv_header_unistd_h=yes
ac_cv_header_xlocale_h=no
ac_cv_header_zlib_h=yes
ac_cv_host=x86_64-unknown-linux-gnu
ac_cv_lib_lex='none needed'
ac_cv_member_struct_tm___tm_gmtoff=no
ac_cv_member_struct_tm_tm_gmtoff=yes
ac_cv_objext=o
ac_cv_path_install='/usr/bin/install -c'
ac_cv_path_mkdir=/usr/bin/mkdir
ac_cv_prog_AWK=gawk
ac_cv_prog_CPP='gcc -E'
ac_cv_prog_LEX=flex
ac_cv_prog_YACC='bison -y'
ac_cv_prog_ac_ct_AR=ar
ac_cv_prog_ac_ct_CC=gcc
ac_cv_prog_ac_ct_CXX=g++
ac_cv_prog_ac_ct_RANLIB=ranlib
ac_cv_prog_cc_c11=
ac_cv_prog_cc_g=yes
ac_cv_prog_cc_stdc=
ac_cv_prog_cxx_11=no
ac_cv_prog_cxx_cxx11=
ac_cv_prog_cxx_g=yes
ac_cv_prog_cxx_stdcxx=
ac_cv_prog_lex_root=lex.yy
ac_cv_prog_lex_yytext_pointer=yes
ac_cv_prog_make_make_set=yes
ac_cv_search_yywrap=-ll
ac_cv_struct_tm=time.h
ac_cv_type_size_t=yes
ac_cv_type_socklen_t=yes
am_cv_CC_dependencies_compiler_type=gcc3
am_cv_CXX_dependencies_compiler_type=gcc3
am_cv_make_support_nested_variables=yes
am_cv_prog_cc_c_o=yes

## ----------------- ##
## Output variables. ##
## ----------------- ##

ACLOCAL='${SHELL} '\''/home/ubuntu/Desktop/onvif/gsoap-2.8/missing'\'' aclocal-1.16'
AMDEPBACKSLASH='\'
AMDEP_FALSE='#'
AMDEP_TRUE=''
AMTAR='$${TAR-tar}'
AM_BACKSLASH='\'
AM_DEFAULT_V='$(AM_DEFAULT_VERBOSITY)'
AM_DEFAULT_VERBOSITY='1'
AM_V='$(V)'
AR='ar'
AUTOCONF='${SHELL} '\''/home/ubuntu/Desktop/onvif/gsoap-2.8/missing'\'' autoconf'
AUTOHEADER='${SHELL} '\''/home/ubuntu/Desktop/onvif/gsoap-2.8/missing'\'' autoheader'
AUTOMAKE='${SHELL} '\''/home/ubuntu/Desktop/onvif/gsoap-2.8/missing'\'' automake-1.16'
AWK='gawk'
BISON_DEFINE='-DWITH_BISON'
CC='gcc'
CCDEPMODE='depmode=gcc3'
CFLAGS='-g -O2'
CPP='gcc -E'
CPPFLAGS=''
CSCOPE='cscope'
CTAGS='ctags'
CXX='g++'
CXXDEPMODE='depmode=gcc3'
CXXFLAGS='-g -O2'
CYGPATH_W='echo'
DEBUG_COMPILE_FALSE=''
DEBUG_COMPILE_TRUE='#'
DEFS='-DHAVE_CONFIG_H'
DEPDIR='.deps'
ECHO_C=''
ECHO_N='-n'
ECHO_T=''
ENABLE_SAMPLES=''
ENABLE_SAMPLES_FALSE=''
ENABLE_SAMPLES_TRUE='#'
ETAGS='etags'
EXEEXT=''
INSTALL_DATA='${INSTALL} -m 644'
INSTALL_PROGRAM='${INSTALL}'
INSTALL_SCRIPT='${INSTALL}'
INSTALL_STRIP_PROGRAM='$(install_sh) -c -s'
LDFLAGS=''
LEX='flex'
LEXLIB='-ll '
LEX_DEFINE='-DWITH_FLEX'
LEX_FLAGS='-l'
LEX_OUTPUT_ROOT='lex.yy'
LIBOBJS=''
LIBS=''
LN_S='ln -s'
LTLIBOBJS=''
MAKEINFO='${SHELL} '\''/home/ubuntu/Desktop/onvif/gsoap-2.8/missing'\'' makeinfo'
MKDIR_P='/usr/bin/mkdir -p'
OBJEXT='o'
PACKAGE='gsoap'
PACKAGE_BUGREPORT=''
PACKAGE_NAME='gsoap'
PACKAGE_STRING='gsoap 2.8'
PACKAGE_TARNAME='gsoap'
PACKAGE_URL=''
PACKAGE_VERSION='2.8'
PATH_SEPARATOR=':'
RANLIB='ranlib'
SAMPLE_DIRS=''
SAMPLE_EXTRA_LIBS='-lm'
SAMPLE_INCLUDES='-I/home/ubuntu/Desktop/onvif/onvifClient_gSOAP/3rd_party/openssl/include'
SAMPLE_SSL_LIBS='-L/home/ubuntu/Desktop/onvif/onvifClient_gSOAP/3rd_party/openssl/lib -lssl -lcrypto -lz'
SET_MAKE=''
SHELL='/bin/bash'
SOAPCPP2_DEBUG=''
SOAPCPP2_IMPORTPATH='-DSOAPCPP2_IMPORT_PATH="\"${datarootdir}/gsoap/import\""'
SOAPCPP2_INCLUDE_XLOCALE=''
SOAPCPP2_IPV6=''
SOAPCPP2_IPV6_V6ONLY=''
SOAPCPP2_NONAMESPACES=''
SOAPCPP2_NO_C_LOCALE=''
STRIP=''
VERSION='2.8'
WITH_OPENSSL_FALSE='#'
WITH_OPENSSL_TRUE=''
WSDL2H_EXTRA_FLAGS='-I/home/ubuntu/Desktop/onvif/onvifClient_gSOAP/3rd_party/openssl/include -DWITH_OPENSSL -DWITH_GZIP'
WSDL2H_EXTRA_LIBS='-L/home/ubuntu/Desktop/onvif/onvifClient_gSOAP/3rd_party/openssl/lib  -lssl -lcrypto -lz'
WSDL2H_IMPORTPATH='-DWSDL2H_IMPORT_PATH="\"${datarootdir}/gsoap/WS\""'
WSDL2H_SOAP_CPP_LIB='libgsoapssl++.a'
YACC='bison -y'
YACC_LIB=''
YFLAGS=''
ac_ct_CC='gcc'
ac_ct_CXX='g++'
am__EXEEXT_FALSE=''
am__EXEEXT_TRUE='#'
am__fastdepCC_FALSE='#'
am__fastdepCC_TRUE=''
am__fastdepCXX_FALSE='#'
am__fastdepCXX_TRUE=''
am__include='include'
am__isrc=''
am__leading_dot='.'
am__nodep='_no'
am__quote=''
am__tar='$${TAR-tar} chof - "$$tardir"'
am__untar='$${TAR-tar} xf -'
bindir='${exec_prefix}/bin'
build='x86_64-unknown-linux-gnu'
build_alias=''
build_cpu='x86_64'
build_os='linux-gnu'
build_vendor='unknown'
datadir='${datarootdir}'
datarootdir='${prefix}/share'
docdir='${datarootdir}/doc/${PACKAGE_TARNAME}'
dvidir='${docdir}'
exec_prefix='${prefix}'
host='x86_64-unknown-linux-gnu'
host_alias=''
host_cpu='x86_64'
host_os='linux-gnu'
host_vendor='unknown'
htmldir='${docdir}'
includedir='${prefix}/include'
infodir='${datarootdir}/info'
install_sh='${SHELL} /home/ubuntu/Desktop/onvif/gsoap-2.8/install-sh'
libdir='${exec_prefix}/lib'
libexecdir='${exec_prefix}/libexec'
localedir='${datarootdir}/locale'
localstatedir='${prefix}/var'
mandir='${datarootdir}/man'
mkdir_p='$(MKDIR_P)'
oldincludedir='/usr/include'
pdfdir='${docdir}'
platform='LINUX'
prefix='/home/ubuntu/Desktop/onvif/gsoap-2.8build'
program_transform_name='s,x,x,'
psdir='${docdir}'
runstatedir='${localstatedir}/run'
sbindir='${exec_prefix}/sbin'
sharedstatedir='${prefix}/com'
sysconfdir='${prefix}/etc'
target_alias=''

## ----------- ##
## confdefs.h. ##
## ----------- ##

/* confdefs.h */
#define PACKAGE_NAME "gsoap"
#define PACKAGE_TARNAME "gsoap"
#define PACKAGE_VERSION "2.8"
#define PACKAGE_STRING "gsoap 2.8"
#define PACKAGE_BUGREPORT ""
#define PACKAGE_URL ""
#define PACKAGE "gsoap"
#define VERSION "2.8"
#define YYTEXT_POINTER 1
#define HAVE_STDIO_H 1
#define HAVE_STDLIB_H 1
#define HAVE_STRING_H 1
#define HAVE_INTTYPES_H 1
#define HAVE_STDINT_H 1
#define HAVE_STRINGS_H 1
#define HAVE_SYS_STAT_H 1
#define HAVE_SYS_TYPES_H 1
#define HAVE_UNISTD_H 1
#define HAVE_SYS_TIME_H 1
#define STDC_HEADERS 1
#define HAVE_ARPA_INET_H 1
#define HAVE_LOCALE_H 1
#define HAVE_ERRNO_H 1
#define HAVE_FCNTL_H 1
#define HAVE_CTYPE_H 1
#define HAVE_LIMITS_H 1
#define HAVE_FLOAT_H 1
#define HAVE_MATH_H 1
#define HAVE_NETDB_H 1
#define HAVE_NETINET_IN_H 1
#define HAVE_STDLIB_H 1
#define HAVE_STRING_H 1
#define HAVE_STRINGS_H 1
#define HAVE_STDINT_H 1
#define HAVE_INTTYPES_H 1
#define HAVE_TIME_H 1
#define HAVE_SYS_SOCKET_H 1
#define HAVE_SYS_TYPES_H 1
#define HAVE_SYS_TIME_H 1
#define HAVE_SYS_TIMEB_H 1
#define HAVE_UNISTD_H 1
#define HAVE_POLL_H 1
#define HAVE_OPENSSL_SSL_H 1
#define HAVE_ZLIB_H 1
#define HAVE_SOCKLEN_T 1
#define HAVE_STRUCT_TM_TM_GMTOFF 1
#define HAVE_ALARM 1
#define HAVE_STRFTIME 1
#define HAVE_RANDOM 1
#define HAVE_GETTIMEOFDAY 1
#define HAVE_FTIME 1
#define HAVE_LOCALTIME_R 1
#define HAVE_TIMEGM 1
#define HAVE_GMTIME 1
#define HAVE_GMTIME_R 1
#define HAVE_ASCTIME 1
#define HAVE_ASCTIME_R 1
#define HAVE_MEMSET 1
#define HAVE_SELECT 1
#define HAVE_SOCKET 1
#define HAVE_SNPRINTF 1
#define HAVE_STRCHR 1
#define HAVE_STRERROR 1
#define HAVE_STRERROR_R 1
#define HAVE_STRRCHR 1
#define HAVE_STRSTR 1
#define HAVE_STRTOL 1
#define HAVE_STRTOUL 1
#define HAVE_STRTOLL 1
#define HAVE_STRTOULL 1
#define HAVE_STRTOLD 1
#define HAVE_STRTOD 1
#define HAVE_STRTOF 1
#define HAVE_STRTOLD_L 1
#define HAVE_STRTOD_L 1
#define HAVE_STRTOF_L 1
#define HAVE_SSCANF 1
#define HAVE_SNPRINTF 1
#define HAVE_POLL 1
#define HAVE_NEWLOCALE 1
#define HAVE_USELOCALE 1
#define HAVE_FREELOCALE 1
#define HAVE_ISNAN 1
#define HAVE_ISINF 1
#define HAVE_GETHOSTBYNAME_R 1
#define HAVE_MALLOC 1

configure: exit 0
